2015-08-19 16:29:16 [main] ERROR Main$1:39 - Error when registering event listeners
java.util.concurrent.TimeoutException
	at com.rabbitmq.utility.BlockingCell.get(BlockingCell.java:77) ~[amqp-client-3.5.4.jar:?]
	at com.rabbitmq.utility.BlockingCell.uninterruptibleGet(BlockingCell.java:111) ~[amqp-client-3.5.4.jar:?]
	at com.rabbitmq.utility.BlockingValueOrException.uninterruptibleGetValue(BlockingValueOrException.java:37) ~[amqp-client-3.5.4.jar:?]
	at com.rabbitmq.client.impl.AMQChannel$BlockingRpcContinuation.getReply(AMQChannel.java:367) ~[amqp-client-3.5.4.jar:?]
	at com.rabbitmq.client.impl.AMQConnection.start(AMQConnection.java:293) ~[amqp-client-3.5.4.jar:?]
	at com.rabbitmq.client.impl.recovery.RecoveryAwareAMQConnectionFactory.newConnection(RecoveryAwareAMQConnectionFactory.java:36) ~[amqp-client-3.5.4.jar:?]
	at com.rabbitmq.client.impl.recovery.AutorecoveringConnection.init(AutorecoveringConnection.java:84) ~[amqp-client-3.5.4.jar:?]
	at com.rabbitmq.client.ConnectionFactory.newConnection(ConnectionFactory.java:613) ~[amqp-client-3.5.4.jar:?]
	at com.rabbitmq.client.ConnectionFactory.newConnection(ConnectionFactory.java:648) ~[amqp-client-3.5.4.jar:?]
	at pascani.runtime.infrastructure.rabbitmq.RabbitMQEndPoint.<init>(RabbitMQEndPoint.java:105) ~[classes/:?]
	at pascani.runtime.infrastructure.rabbitmq.RabbitMQEndPoint.<init>(RabbitMQEndPoint.java:63) ~[classes/:?]
	at pascani.runtime.infrastructure.rabbitmq.RabbitMQEndPoint$Builder.build(RabbitMQEndPoint.java:42) ~[classes/:?]
	at pascani.runtime.BasicProbeRuntimeConfig.registerEventListeners(BasicProbeRuntimeConfig.java:86) ~[classes/:?]
	at compiler.Main$1.registerEventListeners(Main.java:36) ~[classes/:?]
	at pascani.runtime.RuntimeConfiguration.<init>(RuntimeConfiguration.java:37) [classes/:?]
	at pascani.runtime.BasicProbeRuntimeConfig.<init>(BasicProbeRuntimeConfig.java:36) [classes/:?]
	at compiler.Main$1.<init>(Main.java:34) [classes/:?]
	at compiler.Main.main(Main.java:34) [classes/:?]
2015-08-19 17:16:32 [main] INFO  LoggingSortedSet:40 - pascani.lang.events.ExceptionEvent	a5e81ff8-fc69-4735-b554-609953619449	1440022592160	java.lang.Exception: Prueba de exception 1
2015-08-19 17:16:32 [main] INFO  LoggingSortedSet:40 - pascani.lang.events.ExceptionEvent	5756100e-2e07-4cd1-a779-30cfbda9db62	1440022592219	java.lang.Exception: Prueba de exception 2
2015-08-19 17:16:32 [main] INFO  LoggingSortedSet:40 - pascani.lang.events.ExceptionEvent	84e2234d-ee20-4189-9a93-9a86302f34ed	1440022592219	java.lang.Exception: Prueba de exception 3
2015-08-19 17:16:32 [main] INFO  LoggingSortedSet:40 - pascani.lang.events.ExceptionEvent	195cd308-50d8-4abf-8d95-fdc9052a2a71	1440022592220	java.lang.Exception: Prueba de exception 4
2015-08-19 17:16:32 [main] INFO  LoggingSortedSet:40 - pascani.lang.events.ExceptionEvent	7735a780-64cc-4985-ac9d-17b09d4b89cf	1440022592220	java.lang.Exception: Prueba de exception 5
2015-08-19 17:16:32 [main] INFO  LoggingSortedSet:40 - pascani.lang.events.ExceptionEvent	0c3351ff-6a51-4a58-beb7-d07fc9da5e3b	1440022592220	java.lang.Exception: Prueba de exception 6
2015-08-19 17:16:32 [main] INFO  LoggingSortedSet:40 - pascani.lang.events.ExceptionEvent	a5e81ff8-fc69-4735-b554-609953619449	1440022592160	java.lang.Exception: Prueba de exception 1
2015-08-19 17:16:32 [main] INFO  LoggingSortedSet:40 - pascani.lang.events.ExceptionEvent	5756100e-2e07-4cd1-a779-30cfbda9db62	1440022592219	java.lang.Exception: Prueba de exception 2
2015-08-19 17:16:32 [main] INFO  LoggingSortedSet:40 - pascani.lang.events.ExceptionEvent	195cd308-50d8-4abf-8d95-fdc9052a2a71	1440022592220	java.lang.Exception: Prueba de exception 4
2015-08-19 17:20:32 [main] INFO  LoggingSortedSet:40 - pascani.lang.events.ExceptionEvent	9106ff3f-fa88-4215-a200-7ab944615fe1	1440022832631	java.lang.Exception: Prueba de exception 1
2015-08-19 17:20:32 [main] INFO  LoggingSortedSet:40 - pascani.lang.events.ExceptionEvent	3d6cf7cb-261a-44ad-b4b1-456f010a7ddd	1440022832639	java.lang.Exception: Prueba de exception 2
2015-08-19 17:20:32 [main] INFO  LoggingSortedSet:40 - pascani.lang.events.ExceptionEvent	221667d6-8109-4245-bcf8-f44ee9381e89	1440022832639	java.lang.Exception: Prueba de exception 3
2015-08-19 17:20:32 [main] INFO  LoggingSortedSet:40 - pascani.lang.events.ExceptionEvent	c6c0d8b5-a8d9-4044-b205-f1bc95ce36ea	1440022832640	java.lang.Exception: Prueba de exception 4
2015-08-19 17:20:32 [main] INFO  LoggingSortedSet:40 - pascani.lang.events.ExceptionEvent	c252cafd-f939-4fae-a18a-233b7a2dd270	1440022832640	java.lang.Exception: Prueba de exception 5
2015-08-19 17:20:32 [main] INFO  LoggingSortedSet:40 - pascani.lang.events.ExceptionEvent	e443313b-174d-44c6-87c1-b4a4061c626f	1440022832640	java.lang.Exception: Prueba de exception 6
2015-08-19 17:20:32 [main] INFO  LoggingSortedSet:40 - pascani.lang.events.ExceptionEvent	3d6cf7cb-261a-44ad-b4b1-456f010a7ddd	1440022832639	java.lang.Exception: Prueba de exception 2
2015-08-19 17:20:32 [main] INFO  LoggingSortedSet:40 - pascani.lang.events.ExceptionEvent	c6c0d8b5-a8d9-4044-b205-f1bc95ce36ea	1440022832640	java.lang.Exception: Prueba de exception 4
2015-08-19 17:24:03 [main] INFO  LoggingSortedSet:40 - pascani.lang.events.ExceptionEvent	2209ed93-aa17-43b9-9472-06ec1c746a9c	1440023043208	java.lang.Exception: Prueba de exception 1
2015-08-19 17:24:03 [main] INFO  LoggingSortedSet:40 - pascani.lang.events.ExceptionEvent	2ec92169-e7a0-4662-a6b6-91444e8cc2cd	1440023043216	java.lang.Exception: Prueba de exception 2
2015-08-19 17:24:03 [main] INFO  LoggingSortedSet:40 - pascani.lang.events.ExceptionEvent	0583d39c-d880-48d8-a5ec-8496fa158ffc	1440023043216	java.lang.Exception: Prueba de exception 3
2015-08-19 17:24:03 [main] INFO  LoggingSortedSet:40 - pascani.lang.events.ExceptionEvent	92205db6-9d5e-411d-9653-a6e346b34471	1440023043216	java.lang.Exception: Prueba de exception 4
2015-08-19 17:24:03 [main] INFO  LoggingSortedSet:40 - pascani.lang.events.ExceptionEvent	f5d52352-d35d-4558-bb4f-69f0d67fb3ee	1440023043217	java.lang.Exception: Prueba de exception 5
2015-08-19 17:24:03 [main] INFO  LoggingSortedSet:40 - pascani.lang.events.ExceptionEvent	e8022e90-b7b6-4b5b-98db-d1e48554b1aa	1440023043217	java.lang.Exception: Prueba de exception 6
2015-08-19 17:24:03 [main] INFO  LoggingSortedSet:40 - pascani.lang.events.ExceptionEvent	2ec92169-e7a0-4662-a6b6-91444e8cc2cd	1440023043216	java.lang.Exception: Prueba de exception 2
2015-08-19 17:24:03 [main] INFO  LoggingSortedSet:40 - pascani.lang.events.ExceptionEvent	f5d52352-d35d-4558-bb4f-69f0d67fb3ee	1440023043217	java.lang.Exception: Prueba de exception 5
2015-08-19 17:26:33 [main] INFO  LoggingSortedSet:40 - pascani.lang.events.ExceptionEvent	6e83081d-b9d6-4596-bf39-ff9c2b70ddef	1440023193590	java.lang.Exception: Prueba de exception 1
2015-08-19 17:26:33 [main] INFO  LoggingSortedSet:40 - pascani.lang.events.ExceptionEvent	b0181ccb-99d4-4775-9081-70fe1ee1db5c	1440023193598	java.lang.Exception: Prueba de exception 2
2015-08-19 17:26:33 [main] INFO  LoggingSortedSet:40 - pascani.lang.events.ExceptionEvent	433a3456-fc9d-4340-b08c-1b981025144f	1440023193598	java.lang.Exception: Prueba de exception 3
2015-08-19 17:26:33 [main] INFO  LoggingSortedSet:40 - pascani.lang.events.ExceptionEvent	ece13e2c-d116-40e9-b73b-0cbea90b6660	1440023193599	java.lang.Exception: Prueba de exception 4
2015-08-19 17:26:33 [main] INFO  LoggingSortedSet:40 - pascani.lang.events.ExceptionEvent	69dcaca4-7480-43f2-9175-9afeb6ef2f69	1440023193599	java.lang.Exception: Prueba de exception 5
2015-08-19 17:26:33 [main] INFO  LoggingSortedSet:40 - pascani.lang.events.ExceptionEvent	8753fb28-be5f-48e8-b803-81470a7797a5	1440023193599	java.lang.Exception: Prueba de exception 6
2015-08-19 17:26:33 [main] INFO  LoggingSortedSet:40 - pascani.lang.events.ExceptionEvent	b0181ccb-99d4-4775-9081-70fe1ee1db5c	1440023193598	java.lang.Exception: Prueba de exception 2
2015-08-19 17:26:33 [main] INFO  LoggingSortedSet:40 - pascani.lang.events.ExceptionEvent	ece13e2c-d116-40e9-b73b-0cbea90b6660	1440023193599	java.lang.Exception: Prueba de exception 4
2015-08-19 17:27:03 [main] INFO  LoggingSortedSet:40 - pascani.lang.events.ExceptionEvent	62a9c448-fab7-4397-bb6c-b5267a648d90	1440023223122	java.lang.Exception: Prueba de exception 1
2015-08-19 17:27:03 [main] INFO  LoggingSortedSet:40 - pascani.lang.events.ExceptionEvent	03700f4a-ecf4-4960-a46b-f72ac718b812	1440023223130	java.lang.Exception: Prueba de exception 2
2015-08-19 17:27:03 [main] INFO  LoggingSortedSet:40 - pascani.lang.events.ExceptionEvent	18f65d63-63dd-4207-9e5e-b55431548413	1440023223131	java.lang.Exception: Prueba de exception 3
2015-08-19 17:27:03 [main] INFO  LoggingSortedSet:40 - pascani.lang.events.ExceptionEvent	a0025201-8ba0-4d1a-9f27-d6da72c4b8e2	1440023223131	java.lang.Exception: Prueba de exception 4
2015-08-19 17:27:03 [main] INFO  LoggingSortedSet:40 - pascani.lang.events.ExceptionEvent	e776cfed-e8e5-42b6-ab04-aeaae6abbae1	1440023223132	java.lang.Exception: Prueba de exception 5
2015-08-19 17:27:03 [main] INFO  LoggingSortedSet:40 - pascani.lang.events.ExceptionEvent	c72a83cb-d58d-4176-9deb-18717ea825a5	1440023223132	java.lang.Exception: Prueba de exception 6
2015-08-19 17:27:03 [main] INFO  LoggingSortedSet:40 - pascani.lang.events.ExceptionEvent	18f65d63-63dd-4207-9e5e-b55431548413	1440023223131	java.lang.Exception: Prueba de exception 3
2015-08-19 17:27:03 [main] INFO  LoggingSortedSet:40 - pascani.lang.events.ExceptionEvent	e776cfed-e8e5-42b6-ab04-aeaae6abbae1	1440023223132	java.lang.Exception: Prueba de exception 5
2015-08-19 17:30:53 [main] INFO  LoggingSortedSet:40 - pascani.lang.events.ExceptionEvent	cc6459d8-f3d1-45de-8a94-6e1f27611260	1440023453735	java.lang.Exception: Prueba de exception 1
2015-08-19 17:30:53 [main] INFO  LoggingSortedSet:40 - pascani.lang.events.ExceptionEvent	f5fe6e53-b821-4c3d-accc-1d15a40422c7	1440023453743	java.lang.Exception: Prueba de exception 2
2015-08-19 17:30:53 [main] INFO  LoggingSortedSet:40 - pascani.lang.events.ExceptionEvent	12d6cdf0-46ef-40fe-b1c3-13fb7d936511	1440023453743	java.lang.Exception: Prueba de exception 3
2015-08-19 17:30:53 [main] INFO  LoggingSortedSet:40 - pascani.lang.events.ExceptionEvent	4dab7f50-c95d-4ff0-a53d-a59ae6b888ab	1440023453744	java.lang.Exception: Prueba de exception 4
2015-08-19 17:30:53 [main] INFO  LoggingSortedSet:40 - pascani.lang.events.ExceptionEvent	46a02a74-520b-4f9b-ad69-33f3e0f40a8d	1440023453744	java.lang.Exception: Prueba de exception 5
2015-08-19 17:30:53 [main] INFO  LoggingSortedSet:40 - pascani.lang.events.ExceptionEvent	f3968014-3f1a-4006-b74d-7f0c704128ee	1440023453744	java.lang.Exception: Prueba de exception 6
2015-08-19 17:31:53 [main] INFO  LoggingSortedSet:40 - pascani.lang.events.ExceptionEvent	492dcd79-e1c9-4b58-a883-bf6b7e0dae09	1440023513344	java.lang.Exception: Prueba de exception 1
2015-08-19 17:31:53 [main] INFO  LoggingSortedSet:40 - pascani.lang.events.ExceptionEvent	c16de591-c803-47a4-866c-1181308421af	1440023513352	java.lang.Exception: Prueba de exception 2
2015-08-19 17:31:53 [main] INFO  LoggingSortedSet:40 - pascani.lang.events.ExceptionEvent	620021a3-67a0-4c47-8cfd-421c1b10f46c	1440023513353	java.lang.Exception: Prueba de exception 3
2015-08-19 17:31:53 [main] INFO  LoggingSortedSet:40 - pascani.lang.events.ExceptionEvent	bb9bafc1-b7be-4db6-9608-01d97a684174	1440023513353	java.lang.Exception: Prueba de exception 4
2015-08-19 17:31:53 [main] INFO  LoggingSortedSet:40 - pascani.lang.events.ExceptionEvent	75cbae07-da57-4e34-b769-4d5d12e1c68a	1440023513353	java.lang.Exception: Prueba de exception 5
2015-08-19 17:31:53 [main] INFO  LoggingSortedSet:40 - pascani.lang.events.ExceptionEvent	b7a733ca-294b-47ee-8843-4ece1af30429	1440023513354	java.lang.Exception: Prueba de exception 6
2015-08-19 17:32:23 [main] INFO  LoggingSortedSet:40 - pascani.lang.events.ExceptionEvent	860edeb5-9b32-473b-9ebf-295f4bf0f1ad	1440023543440	java.lang.Exception: Prueba de exception 1
2015-08-19 17:32:23 [main] INFO  LoggingSortedSet:40 - pascani.lang.events.ExceptionEvent	869259f8-8ca8-46e0-9599-fb558db02d21	1440023543448	java.lang.Exception: Prueba de exception 2
2015-08-19 17:32:23 [main] INFO  LoggingSortedSet:40 - pascani.lang.events.ExceptionEvent	2e6e20d3-c1a1-41e0-ad74-443da7cacab2	1440023543448	java.lang.Exception: Prueba de exception 3
2015-08-19 17:32:23 [main] INFO  LoggingSortedSet:40 - pascani.lang.events.ExceptionEvent	5f94c4de-cf44-4751-8640-c6230342e54d	1440023543448	java.lang.Exception: Prueba de exception 4
2015-08-19 17:32:23 [main] INFO  LoggingSortedSet:40 - pascani.lang.events.ExceptionEvent	e49972a5-00d9-4cf4-8eda-c11a59f01d2c	1440023543449	java.lang.Exception: Prueba de exception 5
2015-08-19 17:32:23 [main] INFO  LoggingSortedSet:40 - pascani.lang.events.ExceptionEvent	abadf4c5-a8de-459b-a4da-36bf8b52d792	1440023543449	java.lang.Exception: Prueba de exception 6
2015-08-19 17:32:23 [main] INFO  LoggingSortedSet:40 - pascani.lang.events.ExceptionEvent	869259f8-8ca8-46e0-9599-fb558db02d21	1440023543448	java.lang.Exception: Prueba de exception 2
2015-08-19 17:32:23 [main] INFO  LoggingSortedSet:40 - pascani.lang.events.ExceptionEvent	e49972a5-00d9-4cf4-8eda-c11a59f01d2c	1440023543449	java.lang.Exception: Prueba de exception 5
2015-08-19 17:32:25 [main] INFO  LoggingSortedSet:40 - pascani.lang.events.ExceptionEvent	869259f8-8ca8-46e0-9599-fb558db02d21	1440023543448	java.lang.Exception: Prueba de exception 2
2015-08-19 17:32:25 [main] INFO  LoggingSortedSet:40 - pascani.lang.events.ExceptionEvent	e49972a5-00d9-4cf4-8eda-c11a59f01d2c	1440023543449	java.lang.Exception: Prueba de exception 5
2015-08-19 17:32:27 [main] INFO  LoggingSortedSet:40 - pascani.lang.events.ExceptionEvent	869259f8-8ca8-46e0-9599-fb558db02d21	1440023543448	java.lang.Exception: Prueba de exception 2
2015-08-19 17:32:27 [main] INFO  LoggingSortedSet:40 - pascani.lang.events.ExceptionEvent	e49972a5-00d9-4cf4-8eda-c11a59f01d2c	1440023543449	java.lang.Exception: Prueba de exception 5
2015-08-19 17:33:24 [main] INFO  LoggingSortedSet:40 - pascani.lang.events.ExceptionEvent	4cb4e238-930a-42d1-be68-086ac99d76fc	1440023604188	java.lang.Exception: Prueba de exception 1
2015-08-19 17:33:24 [main] INFO  LoggingSortedSet:40 - pascani.lang.events.ExceptionEvent	93d6b857-6b17-4e7c-83ae-b676b4c7c282	1440023604197	java.lang.Exception: Prueba de exception 2
2015-08-19 17:33:25 [main] INFO  LoggingSortedSet:40 - pascani.lang.events.ExceptionEvent	2da8eb99-da1e-4422-b78b-c2347f2d3c7f	1440023605202	java.lang.Exception: Prueba de exception 3
2015-08-19 17:33:25 [main] INFO  LoggingSortedSet:40 - pascani.lang.events.ExceptionEvent	1ab27e3b-aaf8-480e-bf51-bc2e3dcc0f86	1440023605203	java.lang.Exception: Prueba de exception 4
2015-08-19 17:33:25 [main] INFO  LoggingSortedSet:40 - pascani.lang.events.ExceptionEvent	0a3c4f71-7c1d-47c3-847c-2bbb81fb8c6c	1440023605203	java.lang.Exception: Prueba de exception 5
2015-08-19 17:33:25 [main] INFO  LoggingSortedSet:40 - pascani.lang.events.ExceptionEvent	6adf45dd-befc-448a-bd81-d7b7c89cbcb7	1440023605204	java.lang.Exception: Prueba de exception 6
2015-08-19 17:33:25 [main] INFO  LoggingSortedSet:40 - pascani.lang.events.ExceptionEvent	93d6b857-6b17-4e7c-83ae-b676b4c7c282	1440023604197	java.lang.Exception: Prueba de exception 2
2015-08-19 17:33:25 [main] INFO  LoggingSortedSet:40 - pascani.lang.events.ExceptionEvent	2da8eb99-da1e-4422-b78b-c2347f2d3c7f	1440023605202	java.lang.Exception: Prueba de exception 3
2015-08-19 17:33:25 [main] INFO  LoggingSortedSet:40 - pascani.lang.events.ExceptionEvent	1ab27e3b-aaf8-480e-bf51-bc2e3dcc0f86	1440023605203	java.lang.Exception: Prueba de exception 4
2015-08-19 17:33:25 [main] INFO  LoggingSortedSet:40 - pascani.lang.events.ExceptionEvent	6adf45dd-befc-448a-bd81-d7b7c89cbcb7	1440023605204	java.lang.Exception: Prueba de exception 6
2015-08-19 17:33:27 [main] INFO  LoggingSortedSet:40 - pascani.lang.events.ExceptionEvent	93d6b857-6b17-4e7c-83ae-b676b4c7c282	1440023604197	java.lang.Exception: Prueba de exception 2
2015-08-19 17:33:27 [main] INFO  LoggingSortedSet:40 - pascani.lang.events.ExceptionEvent	2da8eb99-da1e-4422-b78b-c2347f2d3c7f	1440023605202	java.lang.Exception: Prueba de exception 3
2015-08-19 17:33:27 [main] INFO  LoggingSortedSet:40 - pascani.lang.events.ExceptionEvent	1ab27e3b-aaf8-480e-bf51-bc2e3dcc0f86	1440023605203	java.lang.Exception: Prueba de exception 4
2015-08-19 17:33:27 [main] INFO  LoggingSortedSet:40 - pascani.lang.events.ExceptionEvent	6adf45dd-befc-448a-bd81-d7b7c89cbcb7	1440023605204	java.lang.Exception: Prueba de exception 6
2015-08-19 17:33:29 [main] INFO  LoggingSortedSet:40 - pascani.lang.events.ExceptionEvent	93d6b857-6b17-4e7c-83ae-b676b4c7c282	1440023604197	java.lang.Exception: Prueba de exception 2
2015-08-19 17:33:29 [main] INFO  LoggingSortedSet:40 - pascani.lang.events.ExceptionEvent	2da8eb99-da1e-4422-b78b-c2347f2d3c7f	1440023605202	java.lang.Exception: Prueba de exception 3
2015-08-19 17:33:29 [main] INFO  LoggingSortedSet:40 - pascani.lang.events.ExceptionEvent	1ab27e3b-aaf8-480e-bf51-bc2e3dcc0f86	1440023605203	java.lang.Exception: Prueba de exception 4
2015-08-19 17:33:29 [main] INFO  LoggingSortedSet:40 - pascani.lang.events.ExceptionEvent	6adf45dd-befc-448a-bd81-d7b7c89cbcb7	1440023605204	java.lang.Exception: Prueba de exception 6
2015-08-19 17:33:53 [main] INFO  LoggingSortedSet:40 - pascani.lang.events.ExceptionEvent	12648549-821c-4a92-9c8c-0427e884b30f	1440023633644	java.lang.Exception: Prueba de exception 1
2015-08-19 17:33:53 [main] INFO  LoggingSortedSet:40 - pascani.lang.events.ExceptionEvent	e05eca8d-c979-4b4f-b14e-9df9b0cf199a	1440023633651	java.lang.Exception: Prueba de exception 2
2015-08-19 17:33:54 [main] INFO  LoggingSortedSet:40 - pascani.lang.events.ExceptionEvent	6ca66040-8c36-470c-bedf-d2b631d1eaf7	1440023634657	java.lang.Exception: Prueba de exception 3
2015-08-19 17:33:54 [main] INFO  LoggingSortedSet:40 - pascani.lang.events.ExceptionEvent	72f7ce82-fe24-490b-870f-cfb5848579e6	1440023634657	java.lang.Exception: Prueba de exception 4
2015-08-19 17:33:54 [main] INFO  LoggingSortedSet:40 - pascani.lang.events.ExceptionEvent	7148fa75-9f25-4134-b18f-f20b1cc5af07	1440023634658	java.lang.Exception: Prueba de exception 5
2015-08-19 17:33:54 [main] INFO  LoggingSortedSet:40 - pascani.lang.events.ExceptionEvent	17fbfdcd-cffb-49db-ad9b-7ac0bed5cd24	1440023634658	java.lang.Exception: Prueba de exception 6
2015-08-19 17:33:54 [main] INFO  LoggingSortedSet:40 - pascani.lang.events.ExceptionEvent	6ca66040-8c36-470c-bedf-d2b631d1eaf7	1440023634657	java.lang.Exception: Prueba de exception 3
2015-08-19 17:33:54 [main] INFO  LoggingSortedSet:40 - pascani.lang.events.ExceptionEvent	7148fa75-9f25-4134-b18f-f20b1cc5af07	1440023634658	java.lang.Exception: Prueba de exception 5
2015-08-19 17:33:56 [main] INFO  LoggingSortedSet:40 - pascani.lang.events.ExceptionEvent	6ca66040-8c36-470c-bedf-d2b631d1eaf7	1440023634657	java.lang.Exception: Prueba de exception 3
2015-08-19 17:33:56 [main] INFO  LoggingSortedSet:40 - pascani.lang.events.ExceptionEvent	7148fa75-9f25-4134-b18f-f20b1cc5af07	1440023634658	java.lang.Exception: Prueba de exception 5
2015-08-19 17:33:58 [main] INFO  LoggingSortedSet:40 - pascani.lang.events.ExceptionEvent	6ca66040-8c36-470c-bedf-d2b631d1eaf7	1440023634657	java.lang.Exception: Prueba de exception 3
2015-08-19 17:33:58 [main] INFO  LoggingSortedSet:40 - pascani.lang.events.ExceptionEvent	7148fa75-9f25-4134-b18f-f20b1cc5af07	1440023634658	java.lang.Exception: Prueba de exception 5
2015-08-19 17:35:54 [main] INFO  LoggingSortedSet:40 - pascani.lang.events.ExceptionEvent	3455ead0-c82b-46f6-8145-a5911e9f9351	1440023754247059000	java.lang.Exception: Prueba de exception 1
2015-08-19 17:35:54 [main] INFO  LoggingSortedSet:40 - pascani.lang.events.ExceptionEvent	4c1f97e6-78b3-415e-8560-5a570d2051aa	1440023754255437000	java.lang.Exception: Prueba de exception 2
2015-08-19 17:35:55 [main] INFO  LoggingSortedSet:40 - pascani.lang.events.ExceptionEvent	6ca6a5a4-e301-4a3a-bcf0-9ea860a85905	1440023755257691000	java.lang.Exception: Prueba de exception 3
2015-08-19 17:35:55 [main] INFO  LoggingSortedSet:40 - pascani.lang.events.ExceptionEvent	656ffe6e-d8c7-424a-88be-81cc6d038498	1440023755258569000	java.lang.Exception: Prueba de exception 4
2015-08-19 17:35:55 [main] INFO  LoggingSortedSet:40 - pascani.lang.events.ExceptionEvent	b97a50c4-050e-423c-b0e6-c1c283580528	1440023755258947000	java.lang.Exception: Prueba de exception 5
2015-08-19 17:35:55 [main] INFO  LoggingSortedSet:40 - pascani.lang.events.ExceptionEvent	b483052a-6b38-4f75-b3c9-f40c77048a95	1440023755259322000	java.lang.Exception: Prueba de exception 6
2015-08-19 17:38:22 [main] INFO  LoggingSortedSet:40 - pascani.lang.events.ExceptionEvent	25224aaf-0e90-4762-9cfe-0be5e7d76a97	1440023902254903000	java.lang.Exception: Prueba de exception 1
2015-08-19 17:38:22 [main] INFO  LoggingSortedSet:40 - pascani.lang.events.ExceptionEvent	87bd3c44-53f9-4119-a4cc-ec79023a65f4	1440023902262688000	java.lang.Exception: Prueba de exception 2
2015-08-19 17:38:23 [main] INFO  LoggingSortedSet:40 - pascani.lang.events.ExceptionEvent	7940e26b-c038-4fde-978f-493850b716fd	1440023903266012000	java.lang.Exception: Prueba de exception 3
2015-08-19 17:38:23 [main] INFO  LoggingSortedSet:40 - pascani.lang.events.ExceptionEvent	5dc1010b-1478-4a76-8931-bdad64f98bc5	1440023903266646000	java.lang.Exception: Prueba de exception 4
2015-08-19 17:38:23 [main] INFO  LoggingSortedSet:40 - pascani.lang.events.ExceptionEvent	7efb39db-5b8e-4eb0-a052-a0ebb905c4e4	1440023903267042000	java.lang.Exception: Prueba de exception 5
2015-08-19 17:38:23 [main] INFO  LoggingSortedSet:40 - pascani.lang.events.ExceptionEvent	5b271870-a7ac-4b65-8e33-55caf7c836a5	1440023903267414000	java.lang.Exception: Prueba de exception 6
2015-08-19 17:38:23 [main] INFO  LoggingSortedSet:40 - pascani.lang.events.ExceptionEvent	7940e26b-c038-4fde-978f-493850b716fd	1440023903266012000	java.lang.Exception: Prueba de exception 3
2015-08-19 17:38:23 [main] INFO  LoggingSortedSet:40 - pascani.lang.events.ExceptionEvent	5dc1010b-1478-4a76-8931-bdad64f98bc5	1440023903266646000	java.lang.Exception: Prueba de exception 4
2015-08-19 17:38:23 [main] INFO  LoggingSortedSet:40 - pascani.lang.events.ExceptionEvent	7efb39db-5b8e-4eb0-a052-a0ebb905c4e4	1440023903267042000	java.lang.Exception: Prueba de exception 5
2015-08-19 17:38:23 [main] INFO  LoggingSortedSet:40 - pascani.lang.events.ExceptionEvent	5b271870-a7ac-4b65-8e33-55caf7c836a5	1440023903267414000	java.lang.Exception: Prueba de exception 6
2015-08-19 17:38:25 [main] INFO  LoggingSortedSet:40 - pascani.lang.events.ExceptionEvent	7940e26b-c038-4fde-978f-493850b716fd	1440023903266012000	java.lang.Exception: Prueba de exception 3
2015-08-19 17:38:25 [main] INFO  LoggingSortedSet:40 - pascani.lang.events.ExceptionEvent	5dc1010b-1478-4a76-8931-bdad64f98bc5	1440023903266646000	java.lang.Exception: Prueba de exception 4
2015-08-19 17:38:25 [main] INFO  LoggingSortedSet:40 - pascani.lang.events.ExceptionEvent	7efb39db-5b8e-4eb0-a052-a0ebb905c4e4	1440023903267042000	java.lang.Exception: Prueba de exception 5
2015-08-19 17:38:25 [main] INFO  LoggingSortedSet:40 - pascani.lang.events.ExceptionEvent	5b271870-a7ac-4b65-8e33-55caf7c836a5	1440023903267414000	java.lang.Exception: Prueba de exception 6
2015-08-19 17:38:27 [main] INFO  LoggingSortedSet:40 - pascani.lang.events.ExceptionEvent	7940e26b-c038-4fde-978f-493850b716fd	1440023903266012000	java.lang.Exception: Prueba de exception 3
2015-08-19 17:38:27 [main] INFO  LoggingSortedSet:40 - pascani.lang.events.ExceptionEvent	5dc1010b-1478-4a76-8931-bdad64f98bc5	1440023903266646000	java.lang.Exception: Prueba de exception 4
2015-08-19 17:38:27 [main] INFO  LoggingSortedSet:40 - pascani.lang.events.ExceptionEvent	7efb39db-5b8e-4eb0-a052-a0ebb905c4e4	1440023903267042000	java.lang.Exception: Prueba de exception 5
2015-08-19 17:38:27 [main] INFO  LoggingSortedSet:40 - pascani.lang.events.ExceptionEvent	5b271870-a7ac-4b65-8e33-55caf7c836a5	1440023903267414000	java.lang.Exception: Prueba de exception 6
2015-08-19 17:44:14 [main] ERROR Main$1:39 - Error when registering event listeners
java.util.concurrent.TimeoutException
	at com.rabbitmq.utility.BlockingCell.get(BlockingCell.java:77) ~[amqp-client-3.5.4.jar:?]
	at com.rabbitmq.utility.BlockingCell.uninterruptibleGet(BlockingCell.java:111) ~[amqp-client-3.5.4.jar:?]
	at com.rabbitmq.utility.BlockingValueOrException.uninterruptibleGetValue(BlockingValueOrException.java:37) ~[amqp-client-3.5.4.jar:?]
	at com.rabbitmq.client.impl.AMQChannel$BlockingRpcContinuation.getReply(AMQChannel.java:367) ~[amqp-client-3.5.4.jar:?]
	at com.rabbitmq.client.impl.AMQConnection.start(AMQConnection.java:293) ~[amqp-client-3.5.4.jar:?]
	at com.rabbitmq.client.impl.recovery.RecoveryAwareAMQConnectionFactory.newConnection(RecoveryAwareAMQConnectionFactory.java:36) ~[amqp-client-3.5.4.jar:?]
	at com.rabbitmq.client.impl.recovery.AutorecoveringConnection.init(AutorecoveringConnection.java:84) ~[amqp-client-3.5.4.jar:?]
	at com.rabbitmq.client.ConnectionFactory.newConnection(ConnectionFactory.java:613) ~[amqp-client-3.5.4.jar:?]
	at com.rabbitmq.client.ConnectionFactory.newConnection(ConnectionFactory.java:648) ~[amqp-client-3.5.4.jar:?]
	at pascani.runtime.infrastructure.rabbitmq.EndPoint.<init>(EndPoint.java:106) ~[classes/:?]
	at pascani.runtime.infrastructure.rabbitmq.EndPoint.<init>(EndPoint.java:63) ~[classes/:?]
	at pascani.runtime.infrastructure.rabbitmq.EndPoint$Builder.build(EndPoint.java:42) ~[classes/:?]
	at pascani.runtime.BasicProbeRuntimeConfig.registerEventListeners(BasicProbeRuntimeConfig.java:87) ~[classes/:?]
	at compiler.Main$1.registerEventListeners(Main.java:35) ~[classes/:?]
	at pascani.runtime.RuntimeConfiguration.<init>(RuntimeConfiguration.java:37) [classes/:?]
	at pascani.runtime.BasicProbeRuntimeConfig.<init>(BasicProbeRuntimeConfig.java:37) [classes/:?]
	at compiler.Main$1.<init>(Main.java:33) [classes/:?]
	at compiler.Main.main(Main.java:33) [classes/:?]
2015-08-19 17:46:50 [main] INFO  LoggingSortedSet:40 - pascani.lang.events.ExceptionEvent	541bd419-310e-4985-ba60-9d542140ca5a	1440024410277947000	java.lang.Exception: Prueba de exception 1
2015-08-19 17:46:50 [main] INFO  LoggingSortedSet:40 - pascani.lang.events.ExceptionEvent	d76fa3f6-e927-4586-9a90-698a68342396	1440024410322248000	java.lang.Exception: Prueba de exception 2
2015-08-19 17:46:51 [main] INFO  LoggingSortedSet:40 - pascani.lang.events.ExceptionEvent	7d0e6c3b-bec6-4e84-9cd9-98036b23b8e7	1440024411322939000	java.lang.Exception: Prueba de exception 3
2015-08-19 17:46:51 [main] INFO  LoggingSortedSet:40 - pascani.lang.events.ExceptionEvent	0c65d3d6-d3bb-4baa-829e-e8011f161f01	1440024411323590000	java.lang.Exception: Prueba de exception 4
2015-08-19 17:46:51 [main] INFO  LoggingSortedSet:40 - pascani.lang.events.ExceptionEvent	4b235fec-865f-4bb6-a6b1-51b147c7f70b	1440024411323996000	java.lang.Exception: Prueba de exception 5
2015-08-19 17:46:51 [main] INFO  LoggingSortedSet:40 - pascani.lang.events.ExceptionEvent	0fd99fa8-6b26-4ed3-b14e-15c251fc7a16	1440024411324383000	java.lang.Exception: Prueba de exception 6
2015-08-19 17:46:51 [main] INFO  LoggingSortedSet:40 - pascani.lang.events.ExceptionEvent	7d0e6c3b-bec6-4e84-9cd9-98036b23b8e7	1440024411322939000	java.lang.Exception: Prueba de exception 3
2015-08-19 17:46:51 [main] INFO  LoggingSortedSet:40 - pascani.lang.events.ExceptionEvent	0c65d3d6-d3bb-4baa-829e-e8011f161f01	1440024411323590000	java.lang.Exception: Prueba de exception 4
2015-08-19 17:46:51 [main] INFO  LoggingSortedSet:40 - pascani.lang.events.ExceptionEvent	4b235fec-865f-4bb6-a6b1-51b147c7f70b	1440024411323996000	java.lang.Exception: Prueba de exception 5
2015-08-19 17:46:51 [main] INFO  LoggingSortedSet:40 - pascani.lang.events.ExceptionEvent	0fd99fa8-6b26-4ed3-b14e-15c251fc7a16	1440024411324383000	java.lang.Exception: Prueba de exception 6
2015-08-19 17:46:53 [main] INFO  LoggingSortedSet:40 - pascani.lang.events.ExceptionEvent	7d0e6c3b-bec6-4e84-9cd9-98036b23b8e7	1440024411322939000	java.lang.Exception: Prueba de exception 3
2015-08-19 17:46:53 [main] INFO  LoggingSortedSet:40 - pascani.lang.events.ExceptionEvent	0c65d3d6-d3bb-4baa-829e-e8011f161f01	1440024411323590000	java.lang.Exception: Prueba de exception 4
2015-08-19 17:46:53 [main] INFO  LoggingSortedSet:40 - pascani.lang.events.ExceptionEvent	4b235fec-865f-4bb6-a6b1-51b147c7f70b	1440024411323996000	java.lang.Exception: Prueba de exception 5
2015-08-19 17:46:53 [main] INFO  LoggingSortedSet:40 - pascani.lang.events.ExceptionEvent	0fd99fa8-6b26-4ed3-b14e-15c251fc7a16	1440024411324383000	java.lang.Exception: Prueba de exception 6
2015-08-19 17:46:55 [main] INFO  LoggingSortedSet:40 - pascani.lang.events.ExceptionEvent	7d0e6c3b-bec6-4e84-9cd9-98036b23b8e7	1440024411322939000	java.lang.Exception: Prueba de exception 3
2015-08-19 17:46:55 [main] INFO  LoggingSortedSet:40 - pascani.lang.events.ExceptionEvent	0c65d3d6-d3bb-4baa-829e-e8011f161f01	1440024411323590000	java.lang.Exception: Prueba de exception 4
2015-08-19 17:46:55 [main] INFO  LoggingSortedSet:40 - pascani.lang.events.ExceptionEvent	4b235fec-865f-4bb6-a6b1-51b147c7f70b	1440024411323996000	java.lang.Exception: Prueba de exception 5
2015-08-19 17:46:55 [main] INFO  LoggingSortedSet:40 - pascani.lang.events.ExceptionEvent	0fd99fa8-6b26-4ed3-b14e-15c251fc7a16	1440024411324383000	java.lang.Exception: Prueba de exception 6
2015-08-19 17:50:45 [main] INFO  LoggingSortedSet:40 - pascani.lang.events.ExceptionEvent	a74958bc-1b52-4096-924d-55a6aafcfe1d	1440024645192915000	java.lang.Exception: Prueba de exception 1
2015-08-19 17:50:45 [main] INFO  LoggingSortedSet:40 - pascani.lang.events.ExceptionEvent	47b45dc4-4562-44a5-810f-b6c1dea74691	1440024645202218000	java.lang.Exception: Prueba de exception 2
2015-08-19 17:50:46 [main] INFO  LoggingSortedSet:40 - pascani.lang.events.ExceptionEvent	b5ed3493-2611-413a-8d02-b7c1070ad200	1440024646207768000	java.lang.Exception: Prueba de exception 3
2015-08-19 17:50:46 [main] INFO  LoggingSortedSet:40 - pascani.lang.events.ExceptionEvent	18c28caa-6b6d-4ceb-9ac1-87ee66e84eb6	1440024646208369000	java.lang.Exception: Prueba de exception 4
2015-08-19 17:50:46 [main] INFO  LoggingSortedSet:40 - pascani.lang.events.ExceptionEvent	f7c78283-02ec-489e-a7e6-c533644d85a9	1440024646208711000	java.lang.Exception: Prueba de exception 5
2015-08-19 17:50:46 [main] INFO  LoggingSortedSet:40 - pascani.lang.events.ExceptionEvent	b9585de8-9a49-4e9f-82da-b37f357d62f0	1440024646208995000	java.lang.Exception: Prueba de exception 6
2015-08-19 17:50:46 [main] INFO  LoggingSortedSet:40 - pascani.lang.events.ExceptionEvent	b5ed3493-2611-413a-8d02-b7c1070ad200	1440024646207768000	java.lang.Exception: Prueba de exception 3
2015-08-19 17:50:46 [main] INFO  LoggingSortedSet:40 - pascani.lang.events.ExceptionEvent	18c28caa-6b6d-4ceb-9ac1-87ee66e84eb6	1440024646208369000	java.lang.Exception: Prueba de exception 4
2015-08-19 17:50:46 [main] INFO  LoggingSortedSet:40 - pascani.lang.events.ExceptionEvent	f7c78283-02ec-489e-a7e6-c533644d85a9	1440024646208711000	java.lang.Exception: Prueba de exception 5
2015-08-19 17:50:46 [main] INFO  LoggingSortedSet:40 - pascani.lang.events.ExceptionEvent	b9585de8-9a49-4e9f-82da-b37f357d62f0	1440024646208995000	java.lang.Exception: Prueba de exception 6
2015-08-19 17:50:49 [main] INFO  LoggingSortedSet:40 - pascani.lang.events.ExceptionEvent	b5ed3493-2611-413a-8d02-b7c1070ad200	1440024646207768000	java.lang.Exception: Prueba de exception 3
2015-08-19 17:50:49 [main] INFO  LoggingSortedSet:40 - pascani.lang.events.ExceptionEvent	18c28caa-6b6d-4ceb-9ac1-87ee66e84eb6	1440024646208369000	java.lang.Exception: Prueba de exception 4
2015-08-19 17:50:49 [main] INFO  LoggingSortedSet:40 - pascani.lang.events.ExceptionEvent	f7c78283-02ec-489e-a7e6-c533644d85a9	1440024646208711000	java.lang.Exception: Prueba de exception 5
2015-08-19 17:50:49 [main] INFO  LoggingSortedSet:40 - pascani.lang.events.ExceptionEvent	b9585de8-9a49-4e9f-82da-b37f357d62f0	1440024646208995000	java.lang.Exception: Prueba de exception 6
2015-08-19 17:50:52 [main] INFO  LoggingSortedSet:40 - pascani.lang.events.ExceptionEvent	b5ed3493-2611-413a-8d02-b7c1070ad200	1440024646207768000	java.lang.Exception: Prueba de exception 3
2015-08-19 17:50:52 [main] INFO  LoggingSortedSet:40 - pascani.lang.events.ExceptionEvent	18c28caa-6b6d-4ceb-9ac1-87ee66e84eb6	1440024646208369000	java.lang.Exception: Prueba de exception 4
2015-08-19 17:50:52 [main] INFO  LoggingSortedSet:40 - pascani.lang.events.ExceptionEvent	f7c78283-02ec-489e-a7e6-c533644d85a9	1440024646208711000	java.lang.Exception: Prueba de exception 5
2015-08-19 17:50:52 [main] INFO  LoggingSortedSet:40 - pascani.lang.events.ExceptionEvent	b9585de8-9a49-4e9f-82da-b37f357d62f0	1440024646208995000	java.lang.Exception: Prueba de exception 6
2015-08-19 17:55:04 [main] INFO  LoggingSortedSet:40 - pascani.lang.events.ExceptionEvent	c6316b7f-ffa0-40a5-a47a-c1486ebd993d	1440024904105296000	java.lang.Exception: Prueba de exception 1
2015-08-19 17:55:04 [main] INFO  LoggingSortedSet:40 - pascani.lang.events.ExceptionEvent	43969cba-2ea0-40fe-8960-607a0e4e5781	1440024904114733000	java.lang.Exception: Prueba de exception 2
2015-08-19 17:55:04 [main] INFO  LoggingSortedSet:40 - pascani.lang.events.ExceptionEvent	6ef8c726-658a-46a9-a231-f250baf46448	1440024904115169000	java.lang.Exception: Prueba de exception 3
2015-08-19 17:55:04 [main] INFO  LoggingSortedSet:40 - pascani.lang.events.ExceptionEvent	34eecf24-348f-42ce-958e-eba6e5ab4540	1440024904115548000	java.lang.Exception: Prueba de exception 4
2015-08-19 17:55:04 [main] INFO  LoggingSortedSet:40 - pascani.lang.events.ExceptionEvent	9d0d8b61-b65c-4784-ad9a-5501ddf2f5b1	1440024904115862000	java.lang.Exception: Prueba de exception 5
2015-08-19 17:55:04 [main] INFO  LoggingSortedSet:40 - pascani.lang.events.ExceptionEvent	1d32f5c8-dffa-4076-b34a-c23aad6bfc32	1440024904116227000	java.lang.Exception: Prueba de exception 6
2015-08-19 17:55:04 [main] INFO  LoggingSortedSet:40 - pascani.lang.events.ExceptionEvent	6ef8c726-658a-46a9-a231-f250baf46448	1440024904115169000	java.lang.Exception: Prueba de exception 3
2015-08-19 17:55:04 [main] INFO  LoggingSortedSet:40 - pascani.lang.events.ExceptionEvent	34eecf24-348f-42ce-958e-eba6e5ab4540	1440024904115548000	java.lang.Exception: Prueba de exception 4
2015-08-19 17:55:04 [main] INFO  LoggingSortedSet:40 - pascani.lang.events.ExceptionEvent	9d0d8b61-b65c-4784-ad9a-5501ddf2f5b1	1440024904115862000	java.lang.Exception: Prueba de exception 5
2015-08-19 17:55:04 [main] INFO  LoggingSortedSet:40 - pascani.lang.events.ExceptionEvent	1d32f5c8-dffa-4076-b34a-c23aad6bfc32	1440024904116227000	java.lang.Exception: Prueba de exception 6
2015-08-19 17:55:07 [main] INFO  LoggingSortedSet:40 - pascani.lang.events.ExceptionEvent	6ef8c726-658a-46a9-a231-f250baf46448	1440024904115169000	java.lang.Exception: Prueba de exception 3
2015-08-19 17:55:07 [main] INFO  LoggingSortedSet:40 - pascani.lang.events.ExceptionEvent	34eecf24-348f-42ce-958e-eba6e5ab4540	1440024904115548000	java.lang.Exception: Prueba de exception 4
2015-08-19 17:55:07 [main] INFO  LoggingSortedSet:40 - pascani.lang.events.ExceptionEvent	9d0d8b61-b65c-4784-ad9a-5501ddf2f5b1	1440024904115862000	java.lang.Exception: Prueba de exception 5
2015-08-19 17:55:07 [main] INFO  LoggingSortedSet:40 - pascani.lang.events.ExceptionEvent	1d32f5c8-dffa-4076-b34a-c23aad6bfc32	1440024904116227000	java.lang.Exception: Prueba de exception 6
2015-08-19 17:55:10 [main] INFO  LoggingSortedSet:40 - pascani.lang.events.ExceptionEvent	6ef8c726-658a-46a9-a231-f250baf46448	1440024904115169000	java.lang.Exception: Prueba de exception 3
2015-08-19 17:55:10 [main] INFO  LoggingSortedSet:40 - pascani.lang.events.ExceptionEvent	34eecf24-348f-42ce-958e-eba6e5ab4540	1440024904115548000	java.lang.Exception: Prueba de exception 4
2015-08-19 17:55:10 [main] INFO  LoggingSortedSet:40 - pascani.lang.events.ExceptionEvent	9d0d8b61-b65c-4784-ad9a-5501ddf2f5b1	1440024904115862000	java.lang.Exception: Prueba de exception 5
2015-08-19 17:55:10 [main] INFO  LoggingSortedSet:40 - pascani.lang.events.ExceptionEvent	1d32f5c8-dffa-4076-b34a-c23aad6bfc32	1440024904116227000	java.lang.Exception: Prueba de exception 6
2015-08-19 17:57:45 [main] INFO  LoggingSortedSet:40 - pascani.lang.events.ExceptionEvent	b6a2da04-537c-4fd4-b181-c28cde630f94	1440025065408428000	java.lang.Exception: Prueba de exception 1
2015-08-19 17:57:45 [main] INFO  LoggingSortedSet:40 - pascani.lang.events.ExceptionEvent	e3bb9e59-ea7f-4abb-aeaf-d3ca729a834c	1440025065418386000	java.lang.Exception: Prueba de exception 2
2015-08-19 17:57:45 [main] INFO  LoggingSortedSet:40 - pascani.lang.events.ExceptionEvent	bcb6fda9-8ca4-47c8-880f-167522f4218a	1440025065418861000	java.lang.Exception: Prueba de exception 3
2015-08-19 17:57:45 [main] INFO  LoggingSortedSet:40 - pascani.lang.events.ExceptionEvent	1450622c-7fe3-4e85-89ef-cf8fc3ce7267	1440025065419252000	java.lang.Exception: Prueba de exception 4
2015-08-19 17:57:45 [main] INFO  LoggingSortedSet:40 - pascani.lang.events.ExceptionEvent	d322e89b-5751-4211-9441-147d511afd14	1440025065419568000	java.lang.Exception: Prueba de exception 5
2015-08-19 17:57:45 [main] INFO  LoggingSortedSet:40 - pascani.lang.events.ExceptionEvent	ab22d126-b7f9-44c0-8480-148407660252	1440025065419877000	java.lang.Exception: Prueba de exception 6
2015-08-19 17:57:45 [main] INFO  LoggingSortedSet:40 - pascani.lang.events.ExceptionEvent	bcb6fda9-8ca4-47c8-880f-167522f4218a	1440025065418861000	java.lang.Exception: Prueba de exception 3
2015-08-19 17:57:45 [main] INFO  LoggingSortedSet:40 - pascani.lang.events.ExceptionEvent	1450622c-7fe3-4e85-89ef-cf8fc3ce7267	1440025065419252000	java.lang.Exception: Prueba de exception 4
2015-08-19 17:57:45 [main] INFO  LoggingSortedSet:40 - pascani.lang.events.ExceptionEvent	d322e89b-5751-4211-9441-147d511afd14	1440025065419568000	java.lang.Exception: Prueba de exception 5
2015-08-19 17:57:45 [main] INFO  LoggingSortedSet:40 - pascani.lang.events.ExceptionEvent	ab22d126-b7f9-44c0-8480-148407660252	1440025065419877000	java.lang.Exception: Prueba de exception 6
2015-08-19 17:57:48 [main] INFO  LoggingSortedSet:40 - pascani.lang.events.ExceptionEvent	bcb6fda9-8ca4-47c8-880f-167522f4218a	1440025065418861000	java.lang.Exception: Prueba de exception 3
2015-08-19 17:57:48 [main] INFO  LoggingSortedSet:40 - pascani.lang.events.ExceptionEvent	1450622c-7fe3-4e85-89ef-cf8fc3ce7267	1440025065419252000	java.lang.Exception: Prueba de exception 4
2015-08-19 17:57:48 [main] INFO  LoggingSortedSet:40 - pascani.lang.events.ExceptionEvent	d322e89b-5751-4211-9441-147d511afd14	1440025065419568000	java.lang.Exception: Prueba de exception 5
2015-08-19 17:57:48 [main] INFO  LoggingSortedSet:40 - pascani.lang.events.ExceptionEvent	ab22d126-b7f9-44c0-8480-148407660252	1440025065419877000	java.lang.Exception: Prueba de exception 6
2015-08-19 17:57:51 [main] INFO  LoggingSortedSet:40 - pascani.lang.events.ExceptionEvent	bcb6fda9-8ca4-47c8-880f-167522f4218a	1440025065418861000	java.lang.Exception: Prueba de exception 3
2015-08-19 17:57:51 [main] INFO  LoggingSortedSet:40 - pascani.lang.events.ExceptionEvent	1450622c-7fe3-4e85-89ef-cf8fc3ce7267	1440025065419252000	java.lang.Exception: Prueba de exception 4
2015-08-19 17:57:51 [main] INFO  LoggingSortedSet:40 - pascani.lang.events.ExceptionEvent	d322e89b-5751-4211-9441-147d511afd14	1440025065419568000	java.lang.Exception: Prueba de exception 5
2015-08-19 17:57:51 [main] INFO  LoggingSortedSet:40 - pascani.lang.events.ExceptionEvent	ab22d126-b7f9-44c0-8480-148407660252	1440025065419877000	java.lang.Exception: Prueba de exception 6
2015-08-19 18:20:56 [main] INFO  LoggingSortedSet:40 - pascani.lang.events.ExceptionEvent	274ef026-3e3d-4ef4-860a-4d28b7a9d322	1440026456879002000	java.lang.Exception: Prueba de exception 1
2015-08-19 18:20:56 [main] INFO  LoggingSortedSet:40 - pascani.lang.events.ExceptionEvent	89e6557a-dd73-4e67-8b6a-93d9ba24db47	1440026456881747000	java.lang.Exception: Prueba de exception 1
2015-08-19 18:20:56 [main] INFO  LoggingSortedSet:40 - pascani.lang.events.ExceptionEvent	1029a0f7-eed0-4115-9e2f-ddd208f5163c	1440026456884149000	java.lang.Exception: Prueba de exception 1
2015-08-19 18:20:56 [main] INFO  LoggingSortedSet:40 - pascani.lang.events.ExceptionEvent	434a9fd0-7a11-49f1-9c80-505c95055ebb	1440026456895214000	java.lang.Exception: Prueba de exception 2
2015-08-19 18:20:56 [main] INFO  LoggingSortedSet:40 - pascani.lang.events.ExceptionEvent	af62dfd8-0198-48f8-8929-82ac3c904065	1440026456895744000	java.lang.Exception: Prueba de exception 3
2015-08-19 18:20:56 [main] INFO  LoggingSortedSet:40 - pascani.lang.events.ExceptionEvent	9ff40d3d-c6b9-4888-a44b-c7bf2b842618	1440026456896129000	java.lang.Exception: Prueba de exception 4
2015-08-19 18:20:56 [main] INFO  LoggingSortedSet:40 - pascani.lang.events.ExceptionEvent	298dd672-829b-4246-bd56-6876ae9fb0f4	1440026456896541000	java.lang.Exception: Prueba de exception 5
2015-08-19 18:20:56 [main] INFO  LoggingSortedSet:40 - pascani.lang.events.ExceptionEvent	73aebff5-2d06-440a-b944-b4d84349699b	1440026456896830000	java.lang.Exception: Prueba de exception 2
2015-08-19 18:20:56 [main] INFO  LoggingSortedSet:40 - pascani.lang.events.ExceptionEvent	221d0570-1ee5-48b7-b0e0-6aee0677b872	1440026456896784000	java.lang.Exception: Prueba de exception 2
2015-08-19 18:20:56 [main] INFO  LoggingSortedSet:40 - pascani.lang.events.ExceptionEvent	62f23c83-9bf7-41db-93ce-160bab8b2ed8	1440026456896982000	java.lang.Exception: Prueba de exception 6
2015-08-19 18:20:56 [main] INFO  LoggingSortedSet:40 - pascani.lang.events.ExceptionEvent	fd334d3a-f517-441f-a263-9128cfbe76ab	1440026456897383000	java.lang.Exception: Prueba de exception 3
2015-08-19 18:20:56 [main] INFO  LoggingSortedSet:40 - pascani.lang.events.ExceptionEvent	a2af318d-9873-4ec1-956d-30f97823700d	1440026456897455000	java.lang.Exception: Prueba de exception 3
2015-08-19 18:20:56 [main] INFO  LoggingSortedSet:40 - pascani.lang.events.ExceptionEvent	d841fc15-bd06-46dc-ab13-e6fa9b090490	1440026456897773000	java.lang.Exception: Prueba de exception 4
2015-08-19 18:20:56 [main] INFO  LoggingSortedSet:40 - pascani.lang.events.ExceptionEvent	b62b513c-4e4f-4685-9c29-e4c7cd60d1a5	1440026456897940000	java.lang.Exception: Prueba de exception 4
2015-08-19 18:20:56 [main] INFO  LoggingSortedSet:40 - pascani.lang.events.ExceptionEvent	bc7504ad-0ed3-4e5f-b4c2-574ea3b3c51c	1440026456898130000	java.lang.Exception: Prueba de exception 5
2015-08-19 18:20:56 [main] INFO  LoggingSortedSet:40 - pascani.lang.events.ExceptionEvent	0bf76e5a-a6cd-447a-8fb0-33101f1caed2	1440026456898469000	java.lang.Exception: Prueba de exception 5
2015-08-19 18:20:56 [main] INFO  LoggingSortedSet:40 - pascani.lang.events.ExceptionEvent	013fb751-43e3-4324-9b93-d44b27137d88	1440026456898548000	java.lang.Exception: Prueba de exception 6
2015-08-19 18:20:56 [main] INFO  LoggingSortedSet:40 - pascani.lang.events.ExceptionEvent	13f914a3-ebaf-4a79-b456-64d0306f0e54	1440026456898933000	java.lang.Exception: Prueba de exception 6
2015-08-19 18:20:56 [main] INFO  LoggingSortedSet:40 - pascani.lang.events.ExceptionEvent	af62dfd8-0198-48f8-8929-82ac3c904065	1440026456895744000	java.lang.Exception: Prueba de exception 3
2015-08-19 18:20:56 [main] INFO  LoggingSortedSet:40 - pascani.lang.events.ExceptionEvent	9ff40d3d-c6b9-4888-a44b-c7bf2b842618	1440026456896129000	java.lang.Exception: Prueba de exception 4
2015-08-19 18:20:56 [main] INFO  LoggingSortedSet:40 - pascani.lang.events.ExceptionEvent	298dd672-829b-4246-bd56-6876ae9fb0f4	1440026456896541000	java.lang.Exception: Prueba de exception 5
2015-08-19 18:20:56 [main] INFO  LoggingSortedSet:40 - pascani.lang.events.ExceptionEvent	62f23c83-9bf7-41db-93ce-160bab8b2ed8	1440026456896982000	java.lang.Exception: Prueba de exception 6
2015-08-19 18:20:56 [main] INFO  LoggingSortedSet:40 - pascani.lang.events.ExceptionEvent	fd334d3a-f517-441f-a263-9128cfbe76ab	1440026456897383000	java.lang.Exception: Prueba de exception 3
2015-08-19 18:20:56 [main] INFO  LoggingSortedSet:40 - pascani.lang.events.ExceptionEvent	d841fc15-bd06-46dc-ab13-e6fa9b090490	1440026456897773000	java.lang.Exception: Prueba de exception 4
2015-08-19 18:20:56 [main] INFO  LoggingSortedSet:40 - pascani.lang.events.ExceptionEvent	bc7504ad-0ed3-4e5f-b4c2-574ea3b3c51c	1440026456898130000	java.lang.Exception: Prueba de exception 5
2015-08-19 18:20:56 [main] INFO  LoggingSortedSet:40 - pascani.lang.events.ExceptionEvent	013fb751-43e3-4324-9b93-d44b27137d88	1440026456898548000	java.lang.Exception: Prueba de exception 6
2015-08-19 18:20:56 [main] INFO  LoggingSortedSet:40 - pascani.lang.events.ExceptionEvent	a2af318d-9873-4ec1-956d-30f97823700d	1440026456897455000	java.lang.Exception: Prueba de exception 3
2015-08-19 18:20:56 [main] INFO  LoggingSortedSet:40 - pascani.lang.events.ExceptionEvent	b62b513c-4e4f-4685-9c29-e4c7cd60d1a5	1440026456897940000	java.lang.Exception: Prueba de exception 4
2015-08-19 18:20:56 [main] INFO  LoggingSortedSet:40 - pascani.lang.events.ExceptionEvent	0bf76e5a-a6cd-447a-8fb0-33101f1caed2	1440026456898469000	java.lang.Exception: Prueba de exception 5
2015-08-19 18:20:56 [main] INFO  LoggingSortedSet:40 - pascani.lang.events.ExceptionEvent	13f914a3-ebaf-4a79-b456-64d0306f0e54	1440026456898933000	java.lang.Exception: Prueba de exception 6
2015-08-19 18:20:59 [main] INFO  LoggingSortedSet:40 - pascani.lang.events.ExceptionEvent	af62dfd8-0198-48f8-8929-82ac3c904065	1440026456895744000	java.lang.Exception: Prueba de exception 3
2015-08-19 18:20:59 [main] INFO  LoggingSortedSet:40 - pascani.lang.events.ExceptionEvent	a2af318d-9873-4ec1-956d-30f97823700d	1440026456897455000	java.lang.Exception: Prueba de exception 3
2015-08-19 18:20:59 [main] INFO  LoggingSortedSet:40 - pascani.lang.events.ExceptionEvent	fd334d3a-f517-441f-a263-9128cfbe76ab	1440026456897383000	java.lang.Exception: Prueba de exception 3
2015-08-19 18:20:59 [main] INFO  LoggingSortedSet:40 - pascani.lang.events.ExceptionEvent	9ff40d3d-c6b9-4888-a44b-c7bf2b842618	1440026456896129000	java.lang.Exception: Prueba de exception 4
2015-08-19 18:20:59 [main] INFO  LoggingSortedSet:40 - pascani.lang.events.ExceptionEvent	d841fc15-bd06-46dc-ab13-e6fa9b090490	1440026456897773000	java.lang.Exception: Prueba de exception 4
2015-08-19 18:20:59 [main] INFO  LoggingSortedSet:40 - pascani.lang.events.ExceptionEvent	b62b513c-4e4f-4685-9c29-e4c7cd60d1a5	1440026456897940000	java.lang.Exception: Prueba de exception 4
2015-08-19 18:20:59 [main] INFO  LoggingSortedSet:40 - pascani.lang.events.ExceptionEvent	bc7504ad-0ed3-4e5f-b4c2-574ea3b3c51c	1440026456898130000	java.lang.Exception: Prueba de exception 5
2015-08-19 18:20:59 [main] INFO  LoggingSortedSet:40 - pascani.lang.events.ExceptionEvent	0bf76e5a-a6cd-447a-8fb0-33101f1caed2	1440026456898469000	java.lang.Exception: Prueba de exception 5
2015-08-19 18:20:59 [main] INFO  LoggingSortedSet:40 - pascani.lang.events.ExceptionEvent	298dd672-829b-4246-bd56-6876ae9fb0f4	1440026456896541000	java.lang.Exception: Prueba de exception 5
2015-08-19 18:20:59 [main] INFO  LoggingSortedSet:40 - pascani.lang.events.ExceptionEvent	13f914a3-ebaf-4a79-b456-64d0306f0e54	1440026456898933000	java.lang.Exception: Prueba de exception 6
2015-08-19 18:20:59 [main] INFO  LoggingSortedSet:40 - pascani.lang.events.ExceptionEvent	62f23c83-9bf7-41db-93ce-160bab8b2ed8	1440026456896982000	java.lang.Exception: Prueba de exception 6
2015-08-19 18:20:59 [main] INFO  LoggingSortedSet:40 - pascani.lang.events.ExceptionEvent	013fb751-43e3-4324-9b93-d44b27137d88	1440026456898548000	java.lang.Exception: Prueba de exception 6
2015-08-19 18:21:02 [main] INFO  LoggingSortedSet:40 - pascani.lang.events.ExceptionEvent	a2af318d-9873-4ec1-956d-30f97823700d	1440026456897455000	java.lang.Exception: Prueba de exception 3
2015-08-19 18:21:02 [main] INFO  LoggingSortedSet:40 - pascani.lang.events.ExceptionEvent	fd334d3a-f517-441f-a263-9128cfbe76ab	1440026456897383000	java.lang.Exception: Prueba de exception 3
2015-08-19 18:21:02 [main] INFO  LoggingSortedSet:40 - pascani.lang.events.ExceptionEvent	af62dfd8-0198-48f8-8929-82ac3c904065	1440026456895744000	java.lang.Exception: Prueba de exception 3
2015-08-19 18:21:02 [main] INFO  LoggingSortedSet:40 - pascani.lang.events.ExceptionEvent	b62b513c-4e4f-4685-9c29-e4c7cd60d1a5	1440026456897940000	java.lang.Exception: Prueba de exception 4
2015-08-19 18:21:02 [main] INFO  LoggingSortedSet:40 - pascani.lang.events.ExceptionEvent	d841fc15-bd06-46dc-ab13-e6fa9b090490	1440026456897773000	java.lang.Exception: Prueba de exception 4
2015-08-19 18:21:02 [main] INFO  LoggingSortedSet:40 - pascani.lang.events.ExceptionEvent	9ff40d3d-c6b9-4888-a44b-c7bf2b842618	1440026456896129000	java.lang.Exception: Prueba de exception 4
2015-08-19 18:21:02 [main] INFO  LoggingSortedSet:40 - pascani.lang.events.ExceptionEvent	0bf76e5a-a6cd-447a-8fb0-33101f1caed2	1440026456898469000	java.lang.Exception: Prueba de exception 5
2015-08-19 18:21:02 [main] INFO  LoggingSortedSet:40 - pascani.lang.events.ExceptionEvent	bc7504ad-0ed3-4e5f-b4c2-574ea3b3c51c	1440026456898130000	java.lang.Exception: Prueba de exception 5
2015-08-19 18:21:02 [main] INFO  LoggingSortedSet:40 - pascani.lang.events.ExceptionEvent	298dd672-829b-4246-bd56-6876ae9fb0f4	1440026456896541000	java.lang.Exception: Prueba de exception 5
2015-08-19 18:21:02 [main] INFO  LoggingSortedSet:40 - pascani.lang.events.ExceptionEvent	13f914a3-ebaf-4a79-b456-64d0306f0e54	1440026456898933000	java.lang.Exception: Prueba de exception 6
2015-08-19 18:21:02 [main] INFO  LoggingSortedSet:40 - pascani.lang.events.ExceptionEvent	62f23c83-9bf7-41db-93ce-160bab8b2ed8	1440026456896982000	java.lang.Exception: Prueba de exception 6
2015-08-19 18:21:02 [main] INFO  LoggingSortedSet:40 - pascani.lang.events.ExceptionEvent	013fb751-43e3-4324-9b93-d44b27137d88	1440026456898548000	java.lang.Exception: Prueba de exception 6
2015-08-19 18:22:51 [main] INFO  LoggingSortedSet:40 - pascani.lang.events.ExceptionEvent	c279e090-9d12-4775-8c99-5c1788185a64	1440026571770023000	java.lang.Exception: Prueba de exception 1
2015-08-19 18:22:51 [main] INFO  LoggingSortedSet:40 - pascani.lang.events.ExceptionEvent	2898bff4-28ec-413f-a65e-110f4763e353	1440026571779409000	java.lang.Exception: Prueba de exception 2
2015-08-19 18:22:51 [main] INFO  LoggingSortedSet:40 - pascani.lang.events.ExceptionEvent	1fc888bb-76f0-4b06-86ae-589ff41f7d84	1440026571779971000	java.lang.Exception: Prueba de exception 3
2015-08-19 18:22:51 [main] INFO  LoggingSortedSet:40 - pascani.lang.events.ExceptionEvent	4f9db6e6-06c8-4ba5-a96e-3875fa7142ce	1440026571780409000	java.lang.Exception: Prueba de exception 4
2015-08-19 18:22:51 [main] INFO  LoggingSortedSet:40 - pascani.lang.events.ExceptionEvent	71eb8856-456a-42e7-a85e-8f05379cd582	1440026571780724000	java.lang.Exception: Prueba de exception 5
2015-08-19 18:22:51 [main] INFO  LoggingSortedSet:40 - pascani.lang.events.ExceptionEvent	b8d30c87-5d9b-4dbf-9206-cfbfc30d4f2a	1440026571781045000	java.lang.Exception: Prueba de exception 6
2015-08-19 18:22:51 [main] INFO  LoggingSortedSet:40 - pascani.lang.events.ExceptionEvent	1fc888bb-76f0-4b06-86ae-589ff41f7d84	1440026571779971000	java.lang.Exception: Prueba de exception 3
2015-08-19 18:22:51 [main] INFO  LoggingSortedSet:40 - pascani.lang.events.ExceptionEvent	4f9db6e6-06c8-4ba5-a96e-3875fa7142ce	1440026571780409000	java.lang.Exception: Prueba de exception 4
2015-08-19 18:22:51 [main] INFO  LoggingSortedSet:40 - pascani.lang.events.ExceptionEvent	71eb8856-456a-42e7-a85e-8f05379cd582	1440026571780724000	java.lang.Exception: Prueba de exception 5
2015-08-19 18:22:51 [main] INFO  LoggingSortedSet:40 - pascani.lang.events.ExceptionEvent	b8d30c87-5d9b-4dbf-9206-cfbfc30d4f2a	1440026571781045000	java.lang.Exception: Prueba de exception 6
2015-08-19 18:22:54 [main] INFO  LoggingSortedSet:40 - pascani.lang.events.ExceptionEvent	1fc888bb-76f0-4b06-86ae-589ff41f7d84	1440026571779971000	java.lang.Exception: Prueba de exception 3
2015-08-19 18:22:54 [main] INFO  LoggingSortedSet:40 - pascani.lang.events.ExceptionEvent	4f9db6e6-06c8-4ba5-a96e-3875fa7142ce	1440026571780409000	java.lang.Exception: Prueba de exception 4
2015-08-19 18:22:54 [main] INFO  LoggingSortedSet:40 - pascani.lang.events.ExceptionEvent	71eb8856-456a-42e7-a85e-8f05379cd582	1440026571780724000	java.lang.Exception: Prueba de exception 5
2015-08-19 18:22:54 [main] INFO  LoggingSortedSet:40 - pascani.lang.events.ExceptionEvent	b8d30c87-5d9b-4dbf-9206-cfbfc30d4f2a	1440026571781045000	java.lang.Exception: Prueba de exception 6
2015-08-19 18:22:57 [main] INFO  LoggingSortedSet:40 - pascani.lang.events.ExceptionEvent	1fc888bb-76f0-4b06-86ae-589ff41f7d84	1440026571779971000	java.lang.Exception: Prueba de exception 3
2015-08-19 18:22:57 [main] INFO  LoggingSortedSet:40 - pascani.lang.events.ExceptionEvent	4f9db6e6-06c8-4ba5-a96e-3875fa7142ce	1440026571780409000	java.lang.Exception: Prueba de exception 4
2015-08-19 18:22:57 [main] INFO  LoggingSortedSet:40 - pascani.lang.events.ExceptionEvent	71eb8856-456a-42e7-a85e-8f05379cd582	1440026571780724000	java.lang.Exception: Prueba de exception 5
2015-08-19 18:22:57 [main] INFO  LoggingSortedSet:40 - pascani.lang.events.ExceptionEvent	b8d30c87-5d9b-4dbf-9206-cfbfc30d4f2a	1440026571781045000	java.lang.Exception: Prueba de exception 6
2015-08-19 18:25:13 [main] INFO  LoggingSortedSet:40 - pascani.lang.events.ExceptionEvent	10736d71-825d-4e4e-9f9e-2b859f9d4bb5	1440026713006269000	java.lang.Exception: Prueba de exception 1
2015-08-19 18:25:13 [main] INFO  LoggingSortedSet:40 - pascani.lang.events.ExceptionEvent	2e85516f-9228-44ce-96c2-c512ccb4a278	1440026713015838000	java.lang.Exception: Prueba de exception 2
2015-08-19 18:25:13 [main] INFO  LoggingSortedSet:40 - pascani.lang.events.ExceptionEvent	f88f21bc-6e9e-42a9-b188-cc7bd28e2f3a	1440026713016433000	java.lang.Exception: Prueba de exception 3
2015-08-19 18:25:13 [main] INFO  LoggingSortedSet:40 - pascani.lang.events.ExceptionEvent	d2042bb8-c4fc-45b2-a9f1-9d692a8f7551	1440026713016909000	java.lang.Exception: Prueba de exception 4
2015-08-19 18:25:13 [main] INFO  LoggingSortedSet:40 - pascani.lang.events.ExceptionEvent	cb69ffde-ddaa-4d76-9726-9ddf2f0d51f8	1440026713017408000	java.lang.Exception: Prueba de exception 5
2015-08-19 18:25:13 [main] INFO  LoggingSortedSet:40 - pascani.lang.events.ExceptionEvent	b7f95eb1-bc5c-484e-8769-64dbd207cbef	1440026713017888000	java.lang.Exception: Prueba de exception 6
2015-08-19 18:25:13 [main] INFO  LoggingSortedSet:40 - pascani.lang.events.ExceptionEvent	f88f21bc-6e9e-42a9-b188-cc7bd28e2f3a	1440026713016433000	java.lang.Exception: Prueba de exception 3
2015-08-19 18:25:13 [main] INFO  LoggingSortedSet:40 - pascani.lang.events.ExceptionEvent	d2042bb8-c4fc-45b2-a9f1-9d692a8f7551	1440026713016909000	java.lang.Exception: Prueba de exception 4
2015-08-19 18:25:13 [main] INFO  LoggingSortedSet:40 - pascani.lang.events.ExceptionEvent	cb69ffde-ddaa-4d76-9726-9ddf2f0d51f8	1440026713017408000	java.lang.Exception: Prueba de exception 5
2015-08-19 18:25:13 [main] INFO  LoggingSortedSet:40 - pascani.lang.events.ExceptionEvent	b7f95eb1-bc5c-484e-8769-64dbd207cbef	1440026713017888000	java.lang.Exception: Prueba de exception 6
2015-08-19 18:25:16 [main] INFO  LoggingSortedSet:40 - pascani.lang.events.ExceptionEvent	f88f21bc-6e9e-42a9-b188-cc7bd28e2f3a	1440026713016433000	java.lang.Exception: Prueba de exception 3
2015-08-19 18:25:16 [main] INFO  LoggingSortedSet:40 - pascani.lang.events.ExceptionEvent	d2042bb8-c4fc-45b2-a9f1-9d692a8f7551	1440026713016909000	java.lang.Exception: Prueba de exception 4
2015-08-19 18:25:16 [main] INFO  LoggingSortedSet:40 - pascani.lang.events.ExceptionEvent	cb69ffde-ddaa-4d76-9726-9ddf2f0d51f8	1440026713017408000	java.lang.Exception: Prueba de exception 5
2015-08-19 18:25:16 [main] INFO  LoggingSortedSet:40 - pascani.lang.events.ExceptionEvent	b7f95eb1-bc5c-484e-8769-64dbd207cbef	1440026713017888000	java.lang.Exception: Prueba de exception 6
2015-08-19 18:25:19 [main] INFO  LoggingSortedSet:40 - pascani.lang.events.ExceptionEvent	f88f21bc-6e9e-42a9-b188-cc7bd28e2f3a	1440026713016433000	java.lang.Exception: Prueba de exception 3
2015-08-19 18:25:19 [main] INFO  LoggingSortedSet:40 - pascani.lang.events.ExceptionEvent	d2042bb8-c4fc-45b2-a9f1-9d692a8f7551	1440026713016909000	java.lang.Exception: Prueba de exception 4
2015-08-19 18:25:19 [main] INFO  LoggingSortedSet:40 - pascani.lang.events.ExceptionEvent	cb69ffde-ddaa-4d76-9726-9ddf2f0d51f8	1440026713017408000	java.lang.Exception: Prueba de exception 5
2015-08-19 18:25:19 [main] INFO  LoggingSortedSet:40 - pascani.lang.events.ExceptionEvent	b7f95eb1-bc5c-484e-8769-64dbd207cbef	1440026713017888000	java.lang.Exception: Prueba de exception 6
2015-08-19 18:26:50 [main] INFO  LoggingSortedSet:40 - pascani.lang.events.ExceptionEvent	f3cbee7f-aa72-4059-8e84-84da1a1dcbaa	1440026810603675000	java.lang.Exception: Prueba de exception 1
2015-08-19 18:26:50 [main] INFO  LoggingSortedSet:40 - pascani.lang.events.ExceptionEvent	802ac5bd-3c25-497c-854a-b8a12b70f135	1440026810665812000	java.lang.Exception: Prueba de exception 2
2015-08-19 18:26:50 [main] INFO  LoggingSortedSet:40 - pascani.lang.events.ExceptionEvent	b932feaa-2046-4347-92dd-64a646c27bb7	1440026810666813000	java.lang.Exception: Prueba de exception 3
2015-08-19 18:26:50 [main] INFO  LoggingSortedSet:40 - pascani.lang.events.ExceptionEvent	6f706f76-d6b6-47eb-b14b-a73c0016fc6c	1440026810667604000	java.lang.Exception: Prueba de exception 4
2015-08-19 18:26:50 [main] INFO  LoggingSortedSet:40 - pascani.lang.events.ExceptionEvent	c0688a87-d536-4535-8aac-bff14b520f16	1440026810668438000	java.lang.Exception: Prueba de exception 5
2015-08-19 18:26:50 [main] INFO  LoggingSortedSet:40 - pascani.lang.events.ExceptionEvent	d7369644-3549-495e-893b-d518b56d6557	1440026810669257000	java.lang.Exception: Prueba de exception 6
2015-08-19 18:26:50 [main] INFO  LoggingSortedSet:40 - pascani.lang.events.ExceptionEvent	b932feaa-2046-4347-92dd-64a646c27bb7	1440026810666813000	java.lang.Exception: Prueba de exception 3
2015-08-19 18:26:50 [main] INFO  LoggingSortedSet:40 - pascani.lang.events.ExceptionEvent	6f706f76-d6b6-47eb-b14b-a73c0016fc6c	1440026810667604000	java.lang.Exception: Prueba de exception 4
2015-08-19 18:26:50 [main] INFO  LoggingSortedSet:40 - pascani.lang.events.ExceptionEvent	c0688a87-d536-4535-8aac-bff14b520f16	1440026810668438000	java.lang.Exception: Prueba de exception 5
2015-08-19 18:26:50 [main] INFO  LoggingSortedSet:40 - pascani.lang.events.ExceptionEvent	d7369644-3549-495e-893b-d518b56d6557	1440026810669257000	java.lang.Exception: Prueba de exception 6
2015-08-19 18:26:53 [main] INFO  LoggingSortedSet:40 - pascani.lang.events.ExceptionEvent	b932feaa-2046-4347-92dd-64a646c27bb7	1440026810666813000	java.lang.Exception: Prueba de exception 3
2015-08-19 18:26:53 [main] INFO  LoggingSortedSet:40 - pascani.lang.events.ExceptionEvent	6f706f76-d6b6-47eb-b14b-a73c0016fc6c	1440026810667604000	java.lang.Exception: Prueba de exception 4
2015-08-19 18:26:53 [main] INFO  LoggingSortedSet:40 - pascani.lang.events.ExceptionEvent	c0688a87-d536-4535-8aac-bff14b520f16	1440026810668438000	java.lang.Exception: Prueba de exception 5
2015-08-19 18:26:53 [main] INFO  LoggingSortedSet:40 - pascani.lang.events.ExceptionEvent	d7369644-3549-495e-893b-d518b56d6557	1440026810669257000	java.lang.Exception: Prueba de exception 6
2015-08-19 18:26:56 [main] INFO  LoggingSortedSet:40 - pascani.lang.events.ExceptionEvent	b932feaa-2046-4347-92dd-64a646c27bb7	1440026810666813000	java.lang.Exception: Prueba de exception 3
2015-08-19 18:26:56 [main] INFO  LoggingSortedSet:40 - pascani.lang.events.ExceptionEvent	6f706f76-d6b6-47eb-b14b-a73c0016fc6c	1440026810667604000	java.lang.Exception: Prueba de exception 4
2015-08-19 18:26:56 [main] INFO  LoggingSortedSet:40 - pascani.lang.events.ExceptionEvent	c0688a87-d536-4535-8aac-bff14b520f16	1440026810668438000	java.lang.Exception: Prueba de exception 5
2015-08-19 18:26:56 [main] INFO  LoggingSortedSet:40 - pascani.lang.events.ExceptionEvent	d7369644-3549-495e-893b-d518b56d6557	1440026810669257000	java.lang.Exception: Prueba de exception 6
2015-08-20 08:55:00 [main] INFO  LoggingSortedSet:40 - pascani.lang.events.ExceptionEvent	c23ec8e5-608a-49db-aba4-10d1ff2ee4b0	1440078900737197000	java.lang.Exception: Prueba de exception 1
2015-08-20 08:55:00 [main] INFO  LoggingSortedSet:40 - pascani.lang.events.ExceptionEvent	8695177f-f758-4cd0-96e0-1d5d31caf126	1440078900828063000	java.lang.Exception: Prueba de exception 2
2015-08-20 08:55:00 [main] INFO  LoggingSortedSet:40 - pascani.lang.events.ExceptionEvent	8d6685c1-80cc-4053-bac4-0747ba60a2ce	1440078900829265000	java.lang.Exception: Prueba de exception 3
2015-08-20 08:55:00 [main] INFO  LoggingSortedSet:40 - pascani.lang.events.ExceptionEvent	9674b461-7db2-4edd-b39c-3aa60b0a8242	1440078900830075000	java.lang.Exception: Prueba de exception 4
2015-08-20 08:55:00 [main] INFO  LoggingSortedSet:40 - pascani.lang.events.ExceptionEvent	ca26da2f-af27-45a4-945e-5182b19ae40f	1440078900830792000	java.lang.Exception: Prueba de exception 5
2015-08-20 08:55:00 [main] INFO  LoggingSortedSet:40 - pascani.lang.events.ExceptionEvent	757a30f5-7d01-4297-bf9d-e35e17615a35	1440078900831461000	java.lang.Exception: Prueba de exception 6
2015-08-20 08:55:00 [main] INFO  LoggingSortedSet:40 - pascani.lang.events.ExceptionEvent	8d6685c1-80cc-4053-bac4-0747ba60a2ce	1440078900829265000	java.lang.Exception: Prueba de exception 3
2015-08-20 08:55:00 [main] INFO  LoggingSortedSet:40 - pascani.lang.events.ExceptionEvent	9674b461-7db2-4edd-b39c-3aa60b0a8242	1440078900830075000	java.lang.Exception: Prueba de exception 4
2015-08-20 08:55:00 [main] INFO  LoggingSortedSet:40 - pascani.lang.events.ExceptionEvent	ca26da2f-af27-45a4-945e-5182b19ae40f	1440078900830792000	java.lang.Exception: Prueba de exception 5
2015-08-20 08:55:00 [main] INFO  LoggingSortedSet:40 - pascani.lang.events.ExceptionEvent	757a30f5-7d01-4297-bf9d-e35e17615a35	1440078900831461000	java.lang.Exception: Prueba de exception 6
2015-08-20 08:55:29 [main] INFO  LoggingSortedSet:40 - pascani.lang.events.ExceptionEvent	da609457-173a-448f-b54d-41a90967a17a	1440078929665660000	java.lang.Exception: Prueba de exception 1
2015-08-20 08:55:29 [main] INFO  LoggingSortedSet:40 - pascani.lang.events.ExceptionEvent	1266b3a2-11b6-4382-975c-9e5712f9ca8c	1440078929686915000	java.lang.Exception: Prueba de exception 2
2015-08-20 08:55:29 [main] INFO  LoggingSortedSet:40 - pascani.lang.events.ExceptionEvent	b7417374-6958-45d3-9c9f-01398e2e1dbf	1440078929687857000	java.lang.Exception: Prueba de exception 3
2015-08-20 08:55:29 [main] INFO  LoggingSortedSet:40 - pascani.lang.events.ExceptionEvent	8a3e6d2d-d063-494d-b2da-034f25738102	1440078929688635000	java.lang.Exception: Prueba de exception 4
2015-08-20 08:55:29 [main] INFO  LoggingSortedSet:40 - pascani.lang.events.ExceptionEvent	4b8f1e2f-17f0-49c4-b774-8b708d3c23c6	1440078929689327000	java.lang.Exception: Prueba de exception 5
2015-08-20 08:55:29 [main] INFO  LoggingSortedSet:40 - pascani.lang.events.ExceptionEvent	05b3ae03-a2fb-41df-8e52-2337c21cb362	1440078929690079000	java.lang.Exception: Prueba de exception 6
2015-08-20 08:55:29 [main] INFO  LoggingSortedSet:40 - pascani.lang.events.ExceptionEvent	b7417374-6958-45d3-9c9f-01398e2e1dbf	1440078929687857000	java.lang.Exception: Prueba de exception 3
2015-08-20 08:55:29 [main] INFO  LoggingSortedSet:40 - pascani.lang.events.ExceptionEvent	8a3e6d2d-d063-494d-b2da-034f25738102	1440078929688635000	java.lang.Exception: Prueba de exception 4
2015-08-20 08:55:29 [main] INFO  LoggingSortedSet:40 - pascani.lang.events.ExceptionEvent	4b8f1e2f-17f0-49c4-b774-8b708d3c23c6	1440078929689327000	java.lang.Exception: Prueba de exception 5
2015-08-20 08:55:29 [main] INFO  LoggingSortedSet:40 - pascani.lang.events.ExceptionEvent	05b3ae03-a2fb-41df-8e52-2337c21cb362	1440078929690079000	java.lang.Exception: Prueba de exception 6
